<beans xmlns="http://www.springframework.org/schema/beans"
       xmlns:tx="http://www.springframework.org/schema/tx"
       xmlns:context="http://www.springframework.org/schema/context"
       xmlns:xsi="http://www.w3.org/2001/XMLSchema-instance"
       xsi:schemaLocation="http://www.springframework.org/schema/beans
        http://www.springframework.org/schema/beans/spring-beans.xsd
        http://www.springframework.org/schema/tx
        http://www.springframework.org/schema/tx/spring-tx.xsd
        http://www.springframework.org/schema/context
        http://www.springframework.org/schema/context/spring-context.xsd">

    <context:component-scan base-package="net.symbiosis.persistence"/>

    <context:annotation-config/>

    <bean class="org.springframework.beans.factory.config.PropertyPlaceholderConfigurer">
        <property name="location" value="classpath:properties/database/test_application.properties"/>
    </bean>

    <bean id="symTestDataSource" class="org.springframework.jndi.JndiObjectFactoryBean">
    <property name="jndiName" value="java:jboss/datasources/sym_test_server"/>
    </bean>

    <!--<bean id="symTestDataSource" class="org.springframework.jdbc.datasource.DriverManagerDataSource">-->
        <!--<property name="driverClassName" value="${hibernate.connection.driver_class}"/>-->
        <!--<property name="url" value="${hibernate.connection.url}"/>-->
        <!--<property name="username" value="${hibernate.connection.username}"/>-->
        <!--<property name="password" value="${hibernate.connection.password}"/>-->
    <!--</bean>-->

    <bean class="org.springframework.orm.jpa.LocalContainerEntityManagerFactoryBean" id="symTestEntityManagerFactory">
        <property name="dataSource" ref="symTestDataSource"/>
        <property name="persistenceUnitName" value="testSymPersistence"/>
        <property name="jpaVendorAdapter">
            <bean class="org.springframework.orm.jpa.vendor.HibernateJpaVendorAdapter"/>
        </property>
        <property name="jpaProperties">
            <props>
                <prop key="hibernate.hbm2ddl.auto">${hibernate.hbm2ddl.auto}</prop>
            </props>
        </property>
    </bean>

    <bean class="org.springframework.orm.jpa.JpaTransactionManager" id="testTransactionManager">
        <property name="entityManagerFactory" ref="symTestEntityManagerFactory"/>
    </bean>

    <tx:annotation-driven transaction-manager="testTransactionManager"/>
</beans>
